[debug] [2023-02-16T09:07:28.742Z] ----------------------------------------------------------------------
[debug] [2023-02-16T09:07:28.746Z] Command:       C:\Program Files\nodejs\node.exe C:\Users\User\AppData\Roaming\npm\node_modules\firebase-tools\lib\bin\firebase.js deploy
[debug] [2023-02-16T09:07:28.747Z] CLI Version:   10.2.0
[debug] [2023-02-16T09:07:28.747Z] Platform:      win32
[debug] [2023-02-16T09:07:28.748Z] Node Version:  v16.19.0
[debug] [2023-02-16T09:07:28.749Z] Time:          Thu Feb 16 2023 15:07:28 GMT+0600 (Bangladesh Standard Time)
[debug] [2023-02-16T09:07:28.749Z] ----------------------------------------------------------------------
[debug] 
[debug] [2023-02-16T09:07:29.277Z] > command requires scopes: ["email","openid","https://www.googleapis.com/auth/cloudplatformprojects.readonly","https://www.googleapis.com/auth/firebase","https://www.googleapis.com/auth/cloud-platform"]
[debug] [2023-02-16T09:07:29.278Z] > authorizing via signed-in user (mhrazib121@gmail.com)
[debug] [2023-02-16T09:07:29.278Z] [iam] checking project flynext-4e814 for permissions ["firebase.projects.get","firebasehosting.sites.update"]
[debug] [2023-02-16T09:07:29.281Z] > refreshing access token with scopes: []
[debug] [2023-02-16T09:07:29.282Z] >>> HTTP REQUEST POST https://www.googleapis.com/oauth2/v3/token  
 <request body omitted>
[debug] [2023-02-16T09:09:46.422Z] ----------------------------------------------------------------------
[debug] [2023-02-16T09:09:46.426Z] Command:       C:\Program Files\nodejs\node.exe C:\Users\User\AppData\Roaming\npm\node_modules\firebase-tools\lib\bin\firebase.js deploy
[debug] [2023-02-16T09:09:46.427Z] CLI Version:   10.2.0
[debug] [2023-02-16T09:09:46.427Z] Platform:      win32
[debug] [2023-02-16T09:09:46.427Z] Node Version:  v16.19.0
[debug] [2023-02-16T09:09:46.429Z] Time:          Thu Feb 16 2023 15:09:46 GMT+0600 (Bangladesh Standard Time)
[debug] [2023-02-16T09:09:46.429Z] ----------------------------------------------------------------------
[debug] 
[debug] [2023-02-16T09:09:46.581Z] > command requires scopes: ["email","openid","https://www.googleapis.com/auth/cloudplatformprojects.readonly","https://www.googleapis.com/auth/firebase","https://www.googleapis.com/auth/cloud-platform"]
[debug] [2023-02-16T09:09:46.582Z] > authorizing via signed-in user (mhrazib121@gmail.com)
[debug] [2023-02-16T09:09:46.582Z] [iam] checking project flynext-4e814 for permissions ["firebase.projects.get","firebasehosting.sites.update"]
[debug] [2023-02-16T09:09:46.584Z] > refreshing access token with scopes: []
[debug] [2023-02-16T09:09:46.585Z] >>> HTTP REQUEST POST https://www.googleapis.com/oauth2/v3/token  
 <request body omitted>
